<?xml version="1.0" encoding="UTF-8"?>
<!-- Generated by org.testng.reporters.JUnitXMLReporter -->
<testsuite ignored="0" hostname="Akeem" failures="0" tests="7" name="Test" time="99.76" errors="0" timestamp="2025-03-31T10:49:17 CDT">
  <testcase classname="testCases.ContactUsForm" name="verify_contactUs_Form" time="4.699"/>
  <testcase classname="testCases.RegisterUser" name="RegisterUserInfo" time="10.671"/>
  <testcase classname="testCases.AddProductInCartsTest" name="AddProductInCarts" time="7.339"/>
  <testcase classname="testCases.RemoveProductFromCart" name="verifyProductRemovedFromCart" time="4.002"/>
  <testcase classname="testCases.ViewCategoryProduct" name="VerifyCategoryProduct" time="9.467"/>
  <testcase classname="testCases.verifySubscriptionInHomePage" name="verifySubInHomepage" time="0.737"/>
  <testcase classname="testCases.RegisterWhileCheckOut" name="verify_Register_while_checkedout" time="27.125"/>
</testsuite> <!-- Test -->
