<?xml version="1.0" encoding="UTF-8"?>
<!-- Generated by org.testng.reporters.JUnitXMLReporter -->
<testsuite ignored="0" hostname="Akeem" failures="0" tests="7" name="Test" time="86.604" errors="0" timestamp="2025-03-31T11:24:50 CDT">
  <testcase classname="testCases.ContactUsForm" name="verify_contactUs_Form" time="4.544"/>
  <testcase classname="testCases.RegisterUser" name="RegisterUserInfo" time="8.588"/>
  <testcase classname="testCases.AddProductInCartsTest" name="AddProductInCarts" time="7.286"/>
  <testcase classname="testCases.RemoveProductFromCart" name="verifyProductRemovedFromCart" time="6.216"/>
  <testcase classname="testCases.ViewCategoryProduct" name="VerifyCategoryProduct" time="9.306"/>
  <testcase classname="testCases.verifySubscriptionInHomePage" name="verifySubInHomepage" time="0.408"/>
  <testcase classname="testCases.RegisterWhileCheckOut" name="verify_Register_while_checkedout" time="19.561"/>
</testsuite> <!-- Test -->
