<?xml version="1.0" encoding="UTF-8"?>
<testng-results ignored="0" total="1" passed="1" failed="0" skipped="0">
  <reporter-output>
  </reporter-output>
  <suite started-at="2025-01-31T10:18:52 CST" name="Suite" finished-at="2025-01-31T10:19:33 CST" duration-ms="40589">
    <groups>
    </groups>
    <test started-at="2025-01-31T10:18:52 CST" name="Test" finished-at="2025-01-31T10:19:33 CST" duration-ms="40589">
      <class name="testCases.RegisterUser">
        <test-method is-config="true" signature="setup(java.lang.String)[pri:0, instance:testCases.RegisterUser@686449f9]" started-at="2025-01-31T10:18:53 CST" name="setup" finished-at="2025-01-31T10:19:06 CST" duration-ms="13304" status="PASS">
          <params>
            <param index="0">
              <value>
                <![CDATA[chrome]]>
              </value>
            </param>
          </params>
          <reporter-output>
          </reporter-output>
        </test-method> <!-- setup -->
        <test-method signature="RegisterUserInfo()[pri:1, instance:testCases.RegisterUser@686449f9]" started-at="2025-01-31T10:19:06 CST" name="RegisterUserInfo" finished-at="2025-01-31T10:19:32 CST" duration-ms="26343" status="PASS">
          <reporter-output>
          </reporter-output>
        </test-method> <!-- RegisterUserInfo -->
        <test-method is-config="true" signature="teardown()[pri:0, instance:testCases.RegisterUser@686449f9]" started-at="2025-01-31T10:19:32 CST" name="teardown" finished-at="2025-01-31T10:19:33 CST" duration-ms="462" status="PASS">
          <reporter-output>
          </reporter-output>
        </test-method> <!-- teardown -->
      </class> <!-- testCases.RegisterUser -->
    </test> <!-- Test -->
  </suite> <!-- Suite -->
</testng-results>
