<?xml version="1.0" encoding="UTF-8"?>
<testng-results ignored="0" total="7" passed="7" failed="0" skipped="0">
  <reporter-output>
  </reporter-output>
  <suite started-at="2025-03-31T10:47:35 CDT" name="Suite" finished-at="2025-03-31T10:49:15 CDT" duration-ms="99760">
    <groups>
    </groups>
    <test started-at="2025-03-31T10:47:35 CDT" name="Test" finished-at="2025-03-31T10:49:15 CDT" duration-ms="99760">
      <class name="testCases.RegisterUser">
        <test-method is-config="true" signature="setup(java.lang.String)[pri:0, instance:testCases.RegisterUser@25b2cfcb]" started-at="2025-03-31T10:47:48 CDT" name="setup" finished-at="2025-03-31T10:47:53 CDT" duration-ms="5340" status="PASS">
          <params>
            <param index="0">
              <value>
                <![CDATA[headless]]>
              </value>
            </param>
          </params>
          <reporter-output>
          </reporter-output>
        </test-method> <!-- setup -->
        <test-method signature="RegisterUserInfo()[pri:1, instance:testCases.RegisterUser@25b2cfcb]" started-at="2025-03-31T10:47:53 CDT" name="RegisterUserInfo" finished-at="2025-03-31T10:48:04 CDT" duration-ms="10671" status="PASS">
          <reporter-output>
          </reporter-output>
        </test-method> <!-- RegisterUserInfo -->
        <test-method is-config="true" signature="teardown()[pri:0, instance:testCases.RegisterUser@25b2cfcb]" started-at="2025-03-31T10:48:04 CDT" name="teardown" finished-at="2025-03-31T10:48:04 CDT" duration-ms="437" status="PASS">
          <reporter-output>
          </reporter-output>
        </test-method> <!-- teardown -->
      </class> <!-- testCases.RegisterUser -->
      <class name="testCases.ViewCategoryProduct">
        <test-method is-config="true" signature="setup(java.lang.String)[pri:0, instance:testCases.ViewCategoryProduct@4c398c80]" started-at="2025-03-31T10:48:26 CDT" name="setup" finished-at="2025-03-31T10:48:30 CDT" duration-ms="3988" status="PASS">
          <params>
            <param index="0">
              <value>
                <![CDATA[headless]]>
              </value>
            </param>
          </params>
          <reporter-output>
          </reporter-output>
        </test-method> <!-- setup -->
        <test-method signature="VerifyCategoryProduct()[pri:1, instance:testCases.ViewCategoryProduct@4c398c80]" started-at="2025-03-31T10:48:30 CDT" name="VerifyCategoryProduct" finished-at="2025-03-31T10:48:39 CDT" duration-ms="9467" status="PASS">
          <reporter-output>
          </reporter-output>
        </test-method> <!-- VerifyCategoryProduct -->
        <test-method is-config="true" signature="teardown()[pri:0, instance:testCases.ViewCategoryProduct@4c398c80]" started-at="2025-03-31T10:48:39 CDT" name="teardown" finished-at="2025-03-31T10:48:40 CDT" duration-ms="342" status="PASS">
          <reporter-output>
          </reporter-output>
        </test-method> <!-- teardown -->
      </class> <!-- testCases.ViewCategoryProduct -->
      <class name="testCases.RemoveProductFromCart">
        <test-method is-config="true" signature="setup(java.lang.String)[pri:0, instance:testCases.RemoveProductFromCart@fb9c7aa]" started-at="2025-03-31T10:48:17 CDT" name="setup" finished-at="2025-03-31T10:48:21 CDT" duration-ms="3995" status="PASS">
          <params>
            <param index="0">
              <value>
                <![CDATA[headless]]>
              </value>
            </param>
          </params>
          <reporter-output>
          </reporter-output>
        </test-method> <!-- setup -->
        <test-method signature="verifyProductRemovedFromCart()[pri:1, instance:testCases.RemoveProductFromCart@fb9c7aa]" started-at="2025-03-31T10:48:21 CDT" name="verifyProductRemovedFromCart" finished-at="2025-03-31T10:48:25 CDT" duration-ms="4002" status="PASS">
          <reporter-output>
          </reporter-output>
        </test-method> <!-- verifyProductRemovedFromCart -->
        <test-method is-config="true" signature="teardown()[pri:0, instance:testCases.RemoveProductFromCart@fb9c7aa]" started-at="2025-03-31T10:48:25 CDT" name="teardown" finished-at="2025-03-31T10:48:26 CDT" duration-ms="316" status="PASS">
          <reporter-output>
          </reporter-output>
        </test-method> <!-- teardown -->
      </class> <!-- testCases.RemoveProductFromCart -->
      <class name="testCases.ContactUsForm">
        <test-method is-config="true" signature="setup(java.lang.String)[pri:0, instance:testCases.ContactUsForm@4b20ca2b]" started-at="2025-03-31T10:47:36 CDT" name="setup" finished-at="2025-03-31T10:47:43 CDT" duration-ms="7289" status="PASS">
          <params>
            <param index="0">
              <value>
                <![CDATA[headless]]>
              </value>
            </param>
          </params>
          <reporter-output>
          </reporter-output>
        </test-method> <!-- setup -->
        <test-method signature="verify_contactUs_Form()[pri:0, instance:testCases.ContactUsForm@4b20ca2b]" started-at="2025-03-31T10:47:43 CDT" name="verify_contactUs_Form" finished-at="2025-03-31T10:47:48 CDT" duration-ms="4699" status="PASS">
          <reporter-output>
          </reporter-output>
        </test-method> <!-- verify_contactUs_Form -->
        <test-method is-config="true" signature="teardown()[pri:0, instance:testCases.ContactUsForm@4b20ca2b]" started-at="2025-03-31T10:47:48 CDT" name="teardown" finished-at="2025-03-31T10:47:48 CDT" duration-ms="247" status="PASS">
          <reporter-output>
          </reporter-output>
        </test-method> <!-- teardown -->
      </class> <!-- testCases.ContactUsForm -->
      <class name="testCases.verifySubscriptionInHomePage">
        <test-method is-config="true" signature="setup(java.lang.String)[pri:0, instance:testCases.verifySubscriptionInHomePage@7fc6de5b]" started-at="2025-03-31T10:48:40 CDT" name="setup" finished-at="2025-03-31T10:48:44 CDT" duration-ms="4508" status="PASS">
          <params>
            <param index="0">
              <value>
                <![CDATA[headless]]>
              </value>
            </param>
          </params>
          <reporter-output>
          </reporter-output>
        </test-method> <!-- setup -->
        <test-method signature="verifySubInHomepage()[pri:1, instance:testCases.verifySubscriptionInHomePage@7fc6de5b]" started-at="2025-03-31T10:48:44 CDT" name="verifySubInHomepage" finished-at="2025-03-31T10:48:45 CDT" duration-ms="737" status="PASS">
          <reporter-output>
          </reporter-output>
        </test-method> <!-- verifySubInHomepage -->
        <test-method is-config="true" signature="teardown()[pri:0, instance:testCases.verifySubscriptionInHomePage@7fc6de5b]" started-at="2025-03-31T10:48:45 CDT" name="teardown" finished-at="2025-03-31T10:48:45 CDT" duration-ms="215" status="PASS">
          <reporter-output>
          </reporter-output>
        </test-method> <!-- teardown -->
      </class> <!-- testCases.verifySubscriptionInHomePage -->
      <class name="testCases.RegisterWhileCheckOut">
        <test-method is-config="true" signature="setup(java.lang.String)[pri:0, instance:testCases.RegisterWhileCheckOut@21baa903]" started-at="2025-03-31T10:48:45 CDT" name="setup" finished-at="2025-03-31T10:48:47 CDT" duration-ms="2465" status="PASS">
          <params>
            <param index="0">
              <value>
                <![CDATA[headless]]>
              </value>
            </param>
          </params>
          <reporter-output>
          </reporter-output>
        </test-method> <!-- setup -->
        <test-method signature="verify_Register_while_checkedout()[pri:0, instance:testCases.RegisterWhileCheckOut@21baa903]" started-at="2025-03-31T10:48:47 CDT" name="verify_Register_while_checkedout" finished-at="2025-03-31T10:49:15 CDT" duration-ms="27125" status="PASS">
          <reporter-output>
          </reporter-output>
        </test-method> <!-- verify_Register_while_checkedout -->
        <test-method is-config="true" signature="teardown()[pri:0, instance:testCases.RegisterWhileCheckOut@21baa903]" started-at="2025-03-31T10:49:15 CDT" name="teardown" finished-at="2025-03-31T10:49:15 CDT" duration-ms="399" status="PASS">
          <reporter-output>
          </reporter-output>
        </test-method> <!-- teardown -->
      </class> <!-- testCases.RegisterWhileCheckOut -->
      <class name="testCases.AddProductInCartsTest">
        <test-method is-config="true" signature="setup(java.lang.String)[pri:0, instance:testCases.AddProductInCartsTest@72758afa]" started-at="2025-03-31T10:48:04 CDT" name="setup" finished-at="2025-03-31T10:48:10 CDT" duration-ms="5499" status="PASS">
          <params>
            <param index="0">
              <value>
                <![CDATA[headless]]>
              </value>
            </param>
          </params>
          <reporter-output>
          </reporter-output>
        </test-method> <!-- setup -->
        <test-method signature="AddProductInCarts()[pri:1, instance:testCases.AddProductInCartsTest@72758afa]" started-at="2025-03-31T10:48:10 CDT" name="AddProductInCarts" finished-at="2025-03-31T10:48:17 CDT" duration-ms="7339" status="PASS">
          <reporter-output>
          </reporter-output>
        </test-method> <!-- AddProductInCarts -->
        <test-method is-config="true" signature="teardown()[pri:0, instance:testCases.AddProductInCartsTest@72758afa]" started-at="2025-03-31T10:48:17 CDT" name="teardown" finished-at="2025-03-31T10:48:17 CDT" duration-ms="274" status="PASS">
          <reporter-output>
          </reporter-output>
        </test-method> <!-- teardown -->
      </class> <!-- testCases.AddProductInCartsTest -->
    </test> <!-- Test -->
  </suite> <!-- Suite -->
</testng-results>
